<?xml version="1.0" encoding="UTF-8"?>
<!-- Generated by org.testng.reporters.JUnitReportReporter -->
<testsuite skipped="0" hostname="Tonmoys-MacBook-Pro.local" name="testclasses.TestNG_Preserve2" tests="4" failures="0" timestamp="31 Jan 2018 05:00:54 GMT" time="0.008" errors="0">
  <testcase name="testmethod1" time="0.003" classname="testclasses.TestNG_Preserve2"/>
  <testcase name="testmethod2" time="0.002" classname="testclasses.TestNG_Preserve2"/>
  <testcase name="testmethod1" time="0.001" classname="testclasses.TestNG_Preserve2"/>
  <testcase name="testmethod2" time="0.002" classname="testclasses.TestNG_Preserve2"/>
</testsuite> <!-- testclasses.TestNG_Preserve2 -->
