<?xml version="1.0" encoding="UTF-8"?>
<!-- Generated by org.testng.reporters.JUnitReportReporter -->
<testsuite skipped="0" hostname="Tonmoys-MacBook-Pro.local" name="testclasses.TestNG_Preserve1" tests="4" failures="0" timestamp="31 Jan 2018 05:00:49 GMT" time="0.022" errors="0">
  <testcase name="testmethod2" time="0.002" classname="testclasses.TestNG_Preserve1"/>
  <testcase name="testmethod2" time="0.002" classname="testclasses.TestNG_Preserve1"/>
  <testcase name="testmethod1" time="0.017" classname="testclasses.TestNG_Preserve1"/>
  <testcase name="testmethod1" time="0.001" classname="testclasses.TestNG_Preserve1"/>
</testsuite> <!-- testclasses.TestNG_Preserve1 -->
