<?xml version="1.0" encoding="UTF-8"?>
<!-- Generated by org.testng.reporters.JUnitReportReporter -->
<testsuite skipped="0" hostname="Tonmoys-MacBook-Pro.local" name="AdvancedReporting.SeleniumLoginTest" tests="1" failures="0" timestamp="06 Feb 2018 01:46:21 GMT" time="7.677" errors="0">
  <testcase name="test1_validLoginTest" time="7.677" classname="AdvancedReporting.SeleniumLoginTest"/>
</testsuite> <!-- AdvancedReporting.SeleniumLoginTest -->
