<?xml version="1.0" encoding="UTF-8"?>
<!-- Generated by org.testng.reporters.JUnitReportReporter -->
<testsuite skipped="0" hostname="Tonmoys-MacBook-Pro.local" name="testclasses.TestNG_Asserts" tests="3" failures="0" timestamp="30 Jan 2018 22:31:09 GMT" time="0.023" errors="0">
  <testcase name="testSum" time="0.002" classname="testclasses.TestNG_Asserts"/>
  <testcase name="testArrays" time="0.017" classname="testclasses.TestNG_Asserts"/>
  <testcase name="testStrings" time="0.004" classname="testclasses.TestNG_Asserts"/>
</testsuite> <!-- testclasses.TestNG_Asserts -->
