<?xml version="1.0" encoding="UTF-8"?>
<!-- Generated by org.testng.reporters.JUnitReportReporter -->
<testsuite skipped="0" hostname="Tonmoys-MacBook-Pro.local" name="testclasses.TestNG_Parallel2" tests="2" failures="0" timestamp="31 Jan 2018 07:08:39 GMT" time="8.009" errors="0">
  <testcase name="testmethod2" time="4.007" classname="testclasses.TestNG_Parallel2"/>
  <testcase name="testmethod1" time="4.002" classname="testclasses.TestNG_Parallel2"/>
</testsuite> <!-- testclasses.TestNG_Parallel2 -->
