<?xml version="1.0" encoding="UTF-8"?>
<!-- Generated by org.testng.reporters.JUnitReportReporter -->
<testsuite skipped="0" hostname="Tonmoys-MacBook-Pro.local" name="testclasses.TestNG_SeleniumParametersParallelExample" tests="2" failures="0" timestamp="31 Jan 2018 07:52:37 GMT" time="61.640" errors="0">
  <testcase name="testLetskode_logIn" time="2.429" classname="testclasses.TestNG_SeleniumParametersParallelExample"/>
  <testcase name="testLetskode_logIn" time="59.211" classname="testclasses.TestNG_SeleniumParametersParallelExample"/>
</testsuite> <!-- testclasses.TestNG_SeleniumParametersParallelExample -->
