<?xml version="1.0" encoding="UTF-8"?>
<!-- Generated by org.testng.reporters.JUnitReportReporter -->
<testsuite skipped="0" hostname="Tonmoys-MacBook-Pro.local" name="testclasses.TestNG_ITestResultDemo" tests="2" failures="0" timestamp="31 Jan 2018 20:19:46 GMT" time="0.018" errors="0">
  <testcase name="testMethod1" time="0.016" classname="testclasses.TestNG_ITestResultDemo"/>
  <testcase name="testMethod2" time="0.002" classname="testclasses.TestNG_ITestResultDemo"/>
</testsuite> <!-- testclasses.TestNG_ITestResultDemo -->
