<?xml version="1.0" encoding="UTF-8"?>
<!-- Generated by org.testng.reporters.JUnitReportReporter -->
<testsuite skipped="0" hostname="Tonmoys-MacBook-Pro.local" name="testclasses.TestNG_Parallel1" tests="2" failures="0" timestamp="31 Jan 2018 07:08:44 GMT" time="8.026" errors="0">
  <testcase name="testmethod2" time="4.007" classname="testclasses.TestNG_Parallel1"/>
  <testcase name="testmethod1" time="4.019" classname="testclasses.TestNG_Parallel1"/>
</testsuite> <!-- testclasses.TestNG_Parallel1 -->
