<?xml version="1.0" encoding="UTF-8"?>
<!-- Generated by org.testng.reporters.JUnitReportReporter -->
<testsuite skipped="0" hostname="Tonmoys-MacBook-Pro.local" name="testclasses.TestNG_TestParameters" tests="1" failures="0" timestamp="31 Jan 2018 06:54:48 GMT" time="0.007" errors="0">
  <testcase name="testMethod" time="0.007" classname="testclasses.TestNG_TestParameters"/>
</testsuite> <!-- testclasses.TestNG_TestParameters -->
