<?xml version="1.0" encoding="UTF-8"?>
<!-- Generated by org.testng.reporters.JUnitReportReporter -->
<testsuite skipped="0" hostname="Tonmoys-MacBook-Pro.local" name="testclasses.TestNG_Grouping" tests="4" failures="0" timestamp="31 Jan 2018 03:56:20 GMT" time="0.020" errors="0">
  <testcase name="testAudi6" time="0.007" classname="testclasses.TestNG_Grouping"/>
  <testcase name="testNinja" time="0.004" classname="testclasses.TestNG_Grouping"/>
  <testcase name="testBMWX6" time="0.004" classname="testclasses.TestNG_Grouping"/>
  <testcase name="testsHondaCBR" time="0.005" classname="testclasses.TestNG_Grouping"/>
</testsuite> <!-- testclasses.TestNG_Grouping -->
