<?xml version="1.0" encoding="UTF-8"?>
<!-- Generated by org.testng.reporters.JUnitReportReporter -->
<testsuite skipped="0" hostname="Tonmoys-MacBook-Pro.local" name="testclasses.TestNG_Priority" tests="3" failures="0" timestamp="31 Jan 2018 02:32:15 GMT" time="0.013" errors="0">
  <testcase name="testMethod3" time="0.009" classname="testclasses.TestNG_Priority"/>
  <testcase name="testMethod2" time="0.002" classname="testclasses.TestNG_Priority"/>
  <testcase name="testMethod1" time="0.002" classname="testclasses.TestNG_Priority"/>
</testsuite> <!-- testclasses.TestNG_Priority -->
