<?xml version="1.0" encoding="UTF-8"?>
<!-- Generated by org.testng.reporters.JUnitReportReporter -->
<testsuite skipped="0" hostname="Tonmoys-MBP.attlocal.net" name="AdvancedReporting.Test2" tests="1" failures="0" timestamp="06 Feb 2018 22:42:25 GMT" time="0.006" errors="0">
  <testcase name="testMethod" time="0.006" classname="AdvancedReporting.Test2"/>
</testsuite> <!-- AdvancedReporting.Test2 -->
