<?xml version="1.0" encoding="UTF-8"?>
<!-- Generated by org.testng.reporters.JUnitReportReporter -->
<testsuite skipped="0" hostname="Tonmoys-MacBook-Pro.local" name="testclasses.TestNG_TestClass2" tests="2" failures="0" timestamp="31 Jan 2018 00:01:55 GMT" time="0.006" errors="0">
  <testcase name="testMethod1" time="0.002" classname="testclasses.TestNG_TestClass2"/>
  <testcase name="testMethod2" time="0.004" classname="testclasses.TestNG_TestClass2"/>
</testsuite> <!-- testclasses.TestNG_TestClass2 -->
